[11:41:23.466] Global cache location '/Users/xavierruiz/Library/Caches/typescript/4.2', safe file path '/users/xavierruiz/.emacs.d/.cache/lsp/npm/typescript/lib/node_modules/typescript/lib/typingsafelist.json', types map path /users/xavierruiz/.emacs.d/.cache/lsp/npm/typescript/lib/node_modules/typescript/lib/typesmap.json
[11:41:23.468] Processing cache location '/Users/xavierruiz/Library/Caches/typescript/4.2'
[11:41:23.468] Trying to find '/Users/xavierruiz/Library/Caches/typescript/4.2/package.json'...
[11:41:23.469] Loaded content of '/Users/xavierruiz/Library/Caches/typescript/4.2/package.json': {"private":true,"dependencies":{"types-registry":"^0.1.535"},"devDependencies":{"@types/react":"^17.0.3"}}
[11:41:23.469] Loaded content of '/Users/xavierruiz/Library/Caches/typescript/4.2/package-lock.json'
[11:41:23.483] Adding entry into typings cache: 'react' => '/Users/xavierruiz/Library/Caches/typescript/4.2/node_modules/@types/react/index.d.ts'
[11:41:23.483] Finished processing cache location '/Users/xavierruiz/Library/Caches/typescript/4.2'
[11:41:23.483] Process id: 35048
[11:41:23.484] NPM location: /usr/local/bin/npm (explicit '--npmLocation' not  provided)
[11:41:23.484] validateDefaultNpmLocation: false
[11:41:23.484] Npm config file: /Users/xavierruiz/Library/Caches/typescript/4.2/package.json
[11:41:23.484] Updating types-registry npm package...
[11:41:23.484] Exec: /usr/local/bin/npm install --ignore-scripts types-registry@latest
[11:41:24.593]     Succeeded. stdout:
    
    up to date, audited 6 packages in 868ms

found 0 vulnerabilities

[11:41:24.593] Updated types-registry npm package
[11:41:25.812] Got install request {"projectName":"/dev/null/inferredProject1*","fileNames":["/Users/xavierruiz/.emacs.d/.cache/lsp/npm/typescript/lib/node_modules/typescript/lib/lib.es5.d.ts","/Users/xavierruiz/.emacs.d/.cache/lsp/npm/typescript/lib/node_modules/typescript/lib/lib.es2015.d.ts","/Users/xavierruiz/.emacs.d/.cache/lsp/npm/typescript/lib/node_modules/typescript/lib/lib.es2016.d.ts","/Users/xavierruiz/.emacs.d/.cache/lsp/npm/typescript/lib/node_modules/typescript/lib/lib.dom.d.ts","/Users/xavierruiz/.emacs.d/.cache/lsp/npm/typescript/lib/node_modules/typescript/lib/lib.dom.iterable.d.ts","/Users/xavierruiz/.emacs.d/.cache/lsp/npm/typescript/lib/node_modules/typescript/lib/lib.webworker.importscripts.d.ts","/Users/xavierruiz/.emacs.d/.cache/lsp/npm/typescript/lib/node_modules/typescript/lib/lib.scripthost.d.ts","/Users/xavierruiz/.emacs.d/.cache/lsp/npm/typescript/lib/node_modules/typescript/lib/lib.es2015.core.d.ts","/Users/xavierruiz/.emacs.d/.cache/lsp/npm/typescript/lib/node_modules/typescript/lib/lib.es2015.collection.d.ts","/Users/xavierruiz/.emacs.d/.cache/lsp/npm/typescript/lib/node_modules/typescript/lib/lib.es2015.generator.d.ts","/Users/xavierruiz/.emacs.d/.cache/lsp/npm/typescript/lib/node_modules/typescript/lib/lib.es2015.iterable.d.ts","/Users/xavierruiz/.emacs.d/.cache/lsp/npm/typescript/lib/node_modules/typescript/lib/lib.es2015.promise.d.ts","/Users/xavierruiz/.emacs.d/.cache/lsp/npm/typescript/lib/node_modules/typescript/lib/lib.es2015.proxy.d.ts","/Users/xavierruiz/.emacs.d/.cache/lsp/npm/typescript/lib/node_modules/typescript/lib/lib.es2015.reflect.d.ts","/Users/xavierruiz/.emacs.d/.cache/lsp/npm/typescript/lib/node_modules/typescript/lib/lib.es2015.symbol.d.ts","/Users/xavierruiz/.emacs.d/.cache/lsp/npm/typescript/lib/node_modules/typescript/lib/lib.es2015.symbol.wellknown.d.ts","/Users/xavierruiz/.emacs.d/.cache/lsp/npm/typescript/lib/node_modules/typescript/lib/lib.es2016.array.include.d.ts","/Users/xavierruiz/.emacs.d/.cache/lsp/npm/typescript/lib/node_modules/typescript/lib/lib.es2016.full.d.ts","/Users/xavierruiz/Projects/CS506Spring2021Repository/City of Revere Service Data Project/website/src/App.js"],"compilerOptions":{"module":1,"target":3,"jsx":1,"allowJs":true,"allowSyntheticDefaultImports":true,"allowNonTsExtensions":true,"noEmitForJsFiles":true,"maxNodeModuleJsDepth":2},"typeAcquisition":{"enable":true,"include":[],"exclude":[]},"unresolvedImports":[],"projectRootPath":"/Users/xavierruiz/Projects/CS506Spring2021Repository/City of Revere Service Data Project/website/src","kind":"discover"}
[11:41:25.828] Loaded safelist from types map file '/users/xavierruiz/.emacs.d/.cache/lsp/npm/typescript/lib/node_modules/typescript/lib/typesmap.json'
[11:41:25.829] Explicitly included types: []
[11:41:25.831] Inferred typings from unresolved imports: []
[11:41:25.831] Result: {"cachedTypingPaths":[],"newTypingNames":[],"filesToWatch":["/Users/xavierruiz/Projects/CS506Spring2021Repository/City of Revere Service Data Project/website/src/bower_components","/Users/xavierruiz/Projects/CS506Spring2021Repository/City of Revere Service Data Project/website/src/node_modules"]}
[11:41:25.832] Finished typings discovery: {"cachedTypingPaths":[],"newTypingNames":[],"filesToWatch":["/Users/xavierruiz/Projects/CS506Spring2021Repository/City of Revere Service Data Project/website/src/bower_components","/Users/xavierruiz/Projects/CS506Spring2021Repository/City of Revere Service Data Project/website/src/node_modules"]}
[11:41:25.832] DirectoryWatcher:: Added:: WatchInfo: /Users/xavierruiz/Projects/CS506Spring2021Repository/City of Revere Service Data Project/website/src/bower_components
[11:41:25.833] DirectoryWatcher:: Added:: WatchInfo: /Users/xavierruiz/Projects/CS506Spring2021Repository/City of Revere Service Data Project/website/src/bower_components 1 undefined Project: /dev/null/inferredProject1* watcher already invoked: false
[11:41:25.834] Elapsed:: 1.0382080078125ms DirectoryWatcher:: Added:: WatchInfo: /Users/xavierruiz/Projects/CS506Spring2021Repository/City of Revere Service Data Project/website/src/bower_components 1 undefined Project: /dev/null/inferredProject1* watcher already invoked: false
[11:41:25.835] DirectoryWatcher:: Added:: WatchInfo: /Users/xavierruiz/Projects/CS506Spring2021Repository/City of Revere Service Data Project/website/src/node_modules
[11:41:25.835] DirectoryWatcher:: Added:: WatchInfo: /Users/xavierruiz/Projects/CS506Spring2021Repository/City of Revere Service Data Project/website/src/node_modules 1 undefined Project: /dev/null/inferredProject1* watcher already invoked: false
[11:41:25.835] Elapsed:: 0.1282700002193451ms DirectoryWatcher:: Added:: WatchInfo: /Users/xavierruiz/Projects/CS506Spring2021Repository/City of Revere Service Data Project/website/src/node_modules 1 undefined Project: /dev/null/inferredProject1* watcher already invoked: false
[11:41:25.836] Sending response:
    {"projectName":"/dev/null/inferredProject1*","typeAcquisition":{"enable":true,"include":[],"exclude":[]},"compilerOptions":{"module":1,"target":3,"jsx":1,"allowJs":true,"allowSyntheticDefaultImports":true,"allowNonTsExtensions":true,"noEmitForJsFiles":true,"maxNodeModuleJsDepth":2},"typings":[],"unresolvedImports":[],"kind":"action::set"}
[11:41:25.836] Response has been sent.
[11:41:25.836] No new typings were requested as a result of typings discovery
