[10:34:58.995] Global cache location '/Users/xavierruiz/Library/Caches/typescript/4.2', safe file path '/users/xavierruiz/.emacs.d/.cache/lsp/npm/typescript/lib/node_modules/typescript/lib/typingsafelist.json', types map path /users/xavierruiz/.emacs.d/.cache/lsp/npm/typescript/lib/node_modules/typescript/lib/typesmap.json
[10:34:58.996] Processing cache location '/Users/xavierruiz/Library/Caches/typescript/4.2'
[10:34:58.996] Trying to find '/Users/xavierruiz/Library/Caches/typescript/4.2/package.json'...
[10:34:58.998] Loaded content of '/Users/xavierruiz/Library/Caches/typescript/4.2/package.json': {"private":true,"dependencies":{"types-registry":"^0.1.535"}}
[10:34:58.998] Loaded content of '/Users/xavierruiz/Library/Caches/typescript/4.2/package-lock.json'
[10:34:58.998] Finished processing cache location '/Users/xavierruiz/Library/Caches/typescript/4.2'
[10:34:58.998] Process id: 34340
[10:34:58.998] NPM location: /usr/local/bin/npm (explicit '--npmLocation' not  provided)
[10:34:58.999] validateDefaultNpmLocation: false
[10:34:58.999] Npm config file: /Users/xavierruiz/Library/Caches/typescript/4.2/package.json
[10:34:58.999] Updating types-registry npm package...
[10:34:58.999] Exec: /usr/local/bin/npm install --ignore-scripts types-registry@latest
[10:35:00.019]     Succeeded. stdout:
    
    up to date, audited 2 packages in 771ms

found 0 vulnerabilities

[10:35:00.019] Updated types-registry npm package
[10:35:01.593] Got install request {"projectName":"/dev/null/inferredProject1*","fileNames":["/Users/xavierruiz/.emacs.d/.cache/lsp/npm/typescript/lib/node_modules/typescript/lib/lib.es5.d.ts","/Users/xavierruiz/.emacs.d/.cache/lsp/npm/typescript/lib/node_modules/typescript/lib/lib.es2015.d.ts","/Users/xavierruiz/.emacs.d/.cache/lsp/npm/typescript/lib/node_modules/typescript/lib/lib.es2016.d.ts","/Users/xavierruiz/.emacs.d/.cache/lsp/npm/typescript/lib/node_modules/typescript/lib/lib.dom.d.ts","/Users/xavierruiz/.emacs.d/.cache/lsp/npm/typescript/lib/node_modules/typescript/lib/lib.dom.iterable.d.ts","/Users/xavierruiz/.emacs.d/.cache/lsp/npm/typescript/lib/node_modules/typescript/lib/lib.webworker.importscripts.d.ts","/Users/xavierruiz/.emacs.d/.cache/lsp/npm/typescript/lib/node_modules/typescript/lib/lib.scripthost.d.ts","/Users/xavierruiz/.emacs.d/.cache/lsp/npm/typescript/lib/node_modules/typescript/lib/lib.es2015.core.d.ts","/Users/xavierruiz/.emacs.d/.cache/lsp/npm/typescript/lib/node_modules/typescript/lib/lib.es2015.collection.d.ts","/Users/xavierruiz/.emacs.d/.cache/lsp/npm/typescript/lib/node_modules/typescript/lib/lib.es2015.generator.d.ts","/Users/xavierruiz/.emacs.d/.cache/lsp/npm/typescript/lib/node_modules/typescript/lib/lib.es2015.iterable.d.ts","/Users/xavierruiz/.emacs.d/.cache/lsp/npm/typescript/lib/node_modules/typescript/lib/lib.es2015.promise.d.ts","/Users/xavierruiz/.emacs.d/.cache/lsp/npm/typescript/lib/node_modules/typescript/lib/lib.es2015.proxy.d.ts","/Users/xavierruiz/.emacs.d/.cache/lsp/npm/typescript/lib/node_modules/typescript/lib/lib.es2015.reflect.d.ts","/Users/xavierruiz/.emacs.d/.cache/lsp/npm/typescript/lib/node_modules/typescript/lib/lib.es2015.symbol.d.ts","/Users/xavierruiz/.emacs.d/.cache/lsp/npm/typescript/lib/node_modules/typescript/lib/lib.es2015.symbol.wellknown.d.ts","/Users/xavierruiz/.emacs.d/.cache/lsp/npm/typescript/lib/node_modules/typescript/lib/lib.es2016.array.include.d.ts","/Users/xavierruiz/.emacs.d/.cache/lsp/npm/typescript/lib/node_modules/typescript/lib/lib.es2016.full.d.ts","/Users/xavierruiz/Projects/CS506Spring2021Repository/City of Revere Service Data Project/website/src/App.js"],"compilerOptions":{"module":1,"target":3,"jsx":1,"allowJs":true,"allowSyntheticDefaultImports":true,"allowNonTsExtensions":true,"noEmitForJsFiles":true,"maxNodeModuleJsDepth":2},"typeAcquisition":{"enable":true,"include":[],"exclude":[]},"unresolvedImports":[],"projectRootPath":"/Users/xavierruiz/Projects/CS506Spring2021Repository/City of Revere Service Data Project/website/src","kind":"discover"}
[10:35:01.614] Loaded safelist from types map file '/users/xavierruiz/.emacs.d/.cache/lsp/npm/typescript/lib/node_modules/typescript/lib/typesmap.json'
[10:35:01.615] Explicitly included types: []
[10:35:01.616] Inferred typings from unresolved imports: []
[10:35:01.616] Result: {"cachedTypingPaths":[],"newTypingNames":[],"filesToWatch":["/Users/xavierruiz/Projects/CS506Spring2021Repository/City of Revere Service Data Project/website/src/bower_components","/Users/xavierruiz/Projects/CS506Spring2021Repository/City of Revere Service Data Project/website/src/node_modules"]}
[10:35:01.616] Finished typings discovery: {"cachedTypingPaths":[],"newTypingNames":[],"filesToWatch":["/Users/xavierruiz/Projects/CS506Spring2021Repository/City of Revere Service Data Project/website/src/bower_components","/Users/xavierruiz/Projects/CS506Spring2021Repository/City of Revere Service Data Project/website/src/node_modules"]}
[10:35:01.617] DirectoryWatcher:: Added:: WatchInfo: /Users/xavierruiz/Projects/CS506Spring2021Repository/City of Revere Service Data Project/website/src/bower_components
[10:35:01.617] DirectoryWatcher:: Added:: WatchInfo: /Users/xavierruiz/Projects/CS506Spring2021Repository/City of Revere Service Data Project/website/src/bower_components 1 undefined Project: /dev/null/inferredProject1* watcher already invoked: false
[10:35:01.619] Elapsed:: 1.2093790173530579ms DirectoryWatcher:: Added:: WatchInfo: /Users/xavierruiz/Projects/CS506Spring2021Repository/City of Revere Service Data Project/website/src/bower_components 1 undefined Project: /dev/null/inferredProject1* watcher already invoked: false
[10:35:01.619] DirectoryWatcher:: Added:: WatchInfo: /Users/xavierruiz/Projects/CS506Spring2021Repository/City of Revere Service Data Project/website/src/node_modules
[10:35:01.619] DirectoryWatcher:: Added:: WatchInfo: /Users/xavierruiz/Projects/CS506Spring2021Repository/City of Revere Service Data Project/website/src/node_modules 1 undefined Project: /dev/null/inferredProject1* watcher already invoked: false
[10:35:01.619] Elapsed:: 0.09488502144813538ms DirectoryWatcher:: Added:: WatchInfo: /Users/xavierruiz/Projects/CS506Spring2021Repository/City of Revere Service Data Project/website/src/node_modules 1 undefined Project: /dev/null/inferredProject1* watcher already invoked: false
[10:35:01.619] Sending response:
    {"projectName":"/dev/null/inferredProject1*","typeAcquisition":{"enable":true,"include":[],"exclude":[]},"compilerOptions":{"module":1,"target":3,"jsx":1,"allowJs":true,"allowSyntheticDefaultImports":true,"allowNonTsExtensions":true,"noEmitForJsFiles":true,"maxNodeModuleJsDepth":2},"typings":[],"unresolvedImports":[],"kind":"action::set"}
[10:35:01.620] Response has been sent.
[10:35:01.620] No new typings were requested as a result of typings discovery
[10:35:34.290] Got install request {"projectName":"/dev/null/inferredProject1*","fileNames":["/Users/xavierruiz/.emacs.d/.cache/lsp/npm/typescript/lib/node_modules/typescript/lib/lib.es5.d.ts","/Users/xavierruiz/.emacs.d/.cache/lsp/npm/typescript/lib/node_modules/typescript/lib/lib.es2015.d.ts","/Users/xavierruiz/.emacs.d/.cache/lsp/npm/typescript/lib/node_modules/typescript/lib/lib.es2016.d.ts","/Users/xavierruiz/.emacs.d/.cache/lsp/npm/typescript/lib/node_modules/typescript/lib/lib.dom.d.ts","/Users/xavierruiz/.emacs.d/.cache/lsp/npm/typescript/lib/node_modules/typescript/lib/lib.dom.iterable.d.ts","/Users/xavierruiz/.emacs.d/.cache/lsp/npm/typescript/lib/node_modules/typescript/lib/lib.webworker.importscripts.d.ts","/Users/xavierruiz/.emacs.d/.cache/lsp/npm/typescript/lib/node_modules/typescript/lib/lib.scripthost.d.ts","/Users/xavierruiz/.emacs.d/.cache/lsp/npm/typescript/lib/node_modules/typescript/lib/lib.es2015.core.d.ts","/Users/xavierruiz/.emacs.d/.cache/lsp/npm/typescript/lib/node_modules/typescript/lib/lib.es2015.collection.d.ts","/Users/xavierruiz/.emacs.d/.cache/lsp/npm/typescript/lib/node_modules/typescript/lib/lib.es2015.generator.d.ts","/Users/xavierruiz/.emacs.d/.cache/lsp/npm/typescript/lib/node_modules/typescript/lib/lib.es2015.iterable.d.ts","/Users/xavierruiz/.emacs.d/.cache/lsp/npm/typescript/lib/node_modules/typescript/lib/lib.es2015.promise.d.ts","/Users/xavierruiz/.emacs.d/.cache/lsp/npm/typescript/lib/node_modules/typescript/lib/lib.es2015.proxy.d.ts","/Users/xavierruiz/.emacs.d/.cache/lsp/npm/typescript/lib/node_modules/typescript/lib/lib.es2015.reflect.d.ts","/Users/xavierruiz/.emacs.d/.cache/lsp/npm/typescript/lib/node_modules/typescript/lib/lib.es2015.symbol.d.ts","/Users/xavierruiz/.emacs.d/.cache/lsp/npm/typescript/lib/node_modules/typescript/lib/lib.es2015.symbol.wellknown.d.ts","/Users/xavierruiz/.emacs.d/.cache/lsp/npm/typescript/lib/node_modules/typescript/lib/lib.es2016.array.include.d.ts","/Users/xavierruiz/.emacs.d/.cache/lsp/npm/typescript/lib/node_modules/typescript/lib/lib.es2016.full.d.ts","/Users/xavierruiz/Projects/CS506Spring2021Repository/City of Revere Service Data Project/website/src/App.js"],"compilerOptions":{"module":1,"target":3,"jsx":1,"allowJs":true,"allowSyntheticDefaultImports":true,"allowNonTsExtensions":true,"noEmitForJsFiles":true,"maxNodeModuleJsDepth":2},"typeAcquisition":{"enable":true,"include":[],"exclude":[]},"unresolvedImports":[],"projectRootPath":"/Users/xavierruiz/Projects/CS506Spring2021Repository/City of Revere Service Data Project/website/src","kind":"discover"}
[10:35:34.292] Explicitly included types: []
[10:35:34.292] Inferred typings from unresolved imports: []
[10:35:34.293] Result: {"cachedTypingPaths":[],"newTypingNames":[],"filesToWatch":["/Users/xavierruiz/Projects/CS506Spring2021Repository/City of Revere Service Data Project/website/src/bower_components","/Users/xavierruiz/Projects/CS506Spring2021Repository/City of Revere Service Data Project/website/src/node_modules"]}
[10:35:34.293] Finished typings discovery: {"cachedTypingPaths":[],"newTypingNames":[],"filesToWatch":["/Users/xavierruiz/Projects/CS506Spring2021Repository/City of Revere Service Data Project/website/src/bower_components","/Users/xavierruiz/Projects/CS506Spring2021Repository/City of Revere Service Data Project/website/src/node_modules"]}
[10:35:34.294] Sending response:
    {"projectName":"/dev/null/inferredProject1*","typeAcquisition":{"enable":true,"include":[],"exclude":[]},"compilerOptions":{"module":1,"target":3,"jsx":1,"allowJs":true,"allowSyntheticDefaultImports":true,"allowNonTsExtensions":true,"noEmitForJsFiles":true,"maxNodeModuleJsDepth":2},"typings":[],"unresolvedImports":[],"kind":"action::set"}
[10:35:34.294] Response has been sent.
[10:35:34.294] No new typings were requested as a result of typings discovery
