[04:35:00.003] Global cache location '/Users/xavierruiz/Library/Caches/typescript/4.2', safe file path '/users/xavierruiz/.emacs.d/.cache/lsp/npm/typescript/lib/node_modules/typescript/lib/typingsafelist.json', types map path /users/xavierruiz/.emacs.d/.cache/lsp/npm/typescript/lib/node_modules/typescript/lib/typesmap.json
[04:35:00.005] Processing cache location '/Users/xavierruiz/Library/Caches/typescript/4.2'
[04:35:00.006] Trying to find '/Users/xavierruiz/Library/Caches/typescript/4.2/package.json'...
[04:35:00.007] Finished processing cache location '/Users/xavierruiz/Library/Caches/typescript/4.2'
[04:35:00.008] Process id: 31566
[04:35:00.008] NPM location: /usr/local/bin/npm (explicit '--npmLocation' not  provided)
[04:35:00.008] validateDefaultNpmLocation: false
[04:35:00.008] Npm config file: /Users/xavierruiz/Library/Caches/typescript/4.2/package.json
[04:35:00.008] Npm config file: '/Users/xavierruiz/Library/Caches/typescript/4.2/package.json' is missing, creating new one...
[04:35:00.009] Updating types-registry npm package...
[04:35:00.010] Exec: /usr/local/bin/npm install --ignore-scripts types-registry@latest
[04:35:01.419]     Succeeded. stdout:
    
    added 1 package, and audited 2 packages in 1s

found 0 vulnerabilities

[04:35:01.419] Updated types-registry npm package
[04:35:03.252] Got install request {"projectName":"/dev/null/inferredProject1*","fileNames":["/Users/xavierruiz/.emacs.d/.cache/lsp/npm/typescript/lib/node_modules/typescript/lib/lib.es5.d.ts","/Users/xavierruiz/.emacs.d/.cache/lsp/npm/typescript/lib/node_modules/typescript/lib/lib.es2015.d.ts","/Users/xavierruiz/.emacs.d/.cache/lsp/npm/typescript/lib/node_modules/typescript/lib/lib.es2016.d.ts","/Users/xavierruiz/.emacs.d/.cache/lsp/npm/typescript/lib/node_modules/typescript/lib/lib.dom.d.ts","/Users/xavierruiz/.emacs.d/.cache/lsp/npm/typescript/lib/node_modules/typescript/lib/lib.dom.iterable.d.ts","/Users/xavierruiz/.emacs.d/.cache/lsp/npm/typescript/lib/node_modules/typescript/lib/lib.webworker.importscripts.d.ts","/Users/xavierruiz/.emacs.d/.cache/lsp/npm/typescript/lib/node_modules/typescript/lib/lib.scripthost.d.ts","/Users/xavierruiz/.emacs.d/.cache/lsp/npm/typescript/lib/node_modules/typescript/lib/lib.es2015.core.d.ts","/Users/xavierruiz/.emacs.d/.cache/lsp/npm/typescript/lib/node_modules/typescript/lib/lib.es2015.collection.d.ts","/Users/xavierruiz/.emacs.d/.cache/lsp/npm/typescript/lib/node_modules/typescript/lib/lib.es2015.generator.d.ts","/Users/xavierruiz/.emacs.d/.cache/lsp/npm/typescript/lib/node_modules/typescript/lib/lib.es2015.iterable.d.ts","/Users/xavierruiz/.emacs.d/.cache/lsp/npm/typescript/lib/node_modules/typescript/lib/lib.es2015.promise.d.ts","/Users/xavierruiz/.emacs.d/.cache/lsp/npm/typescript/lib/node_modules/typescript/lib/lib.es2015.proxy.d.ts","/Users/xavierruiz/.emacs.d/.cache/lsp/npm/typescript/lib/node_modules/typescript/lib/lib.es2015.reflect.d.ts","/Users/xavierruiz/.emacs.d/.cache/lsp/npm/typescript/lib/node_modules/typescript/lib/lib.es2015.symbol.d.ts","/Users/xavierruiz/.emacs.d/.cache/lsp/npm/typescript/lib/node_modules/typescript/lib/lib.es2015.symbol.wellknown.d.ts","/Users/xavierruiz/.emacs.d/.cache/lsp/npm/typescript/lib/node_modules/typescript/lib/lib.es2016.array.include.d.ts","/Users/xavierruiz/.emacs.d/.cache/lsp/npm/typescript/lib/node_modules/typescript/lib/lib.es2016.full.d.ts","/Users/xavierruiz/Projects/CS506Spring2021Repository/City of Revere Service Data Project/website/src/App.js"],"compilerOptions":{"module":1,"target":3,"jsx":1,"allowJs":true,"allowSyntheticDefaultImports":true,"allowNonTsExtensions":true,"noEmitForJsFiles":true,"maxNodeModuleJsDepth":2},"typeAcquisition":{"enable":true,"include":[],"exclude":[]},"unresolvedImports":[],"projectRootPath":"/Users/xavierruiz/Projects/CS506Spring2021Repository/City of Revere Service Data Project/website/src","kind":"discover"}
[04:35:03.278] Loaded safelist from types map file '/users/xavierruiz/.emacs.d/.cache/lsp/npm/typescript/lib/node_modules/typescript/lib/typesmap.json'
[04:35:03.279] Explicitly included types: []
[04:35:03.280] Inferred typings from unresolved imports: []
[04:35:03.280] Result: {"cachedTypingPaths":[],"newTypingNames":[],"filesToWatch":["/Users/xavierruiz/Projects/CS506Spring2021Repository/City of Revere Service Data Project/website/src/bower_components","/Users/xavierruiz/Projects/CS506Spring2021Repository/City of Revere Service Data Project/website/src/node_modules"]}
[04:35:03.281] Finished typings discovery: {"cachedTypingPaths":[],"newTypingNames":[],"filesToWatch":["/Users/xavierruiz/Projects/CS506Spring2021Repository/City of Revere Service Data Project/website/src/bower_components","/Users/xavierruiz/Projects/CS506Spring2021Repository/City of Revere Service Data Project/website/src/node_modules"]}
[04:35:03.281] DirectoryWatcher:: Added:: WatchInfo: /Users/xavierruiz/Projects/CS506Spring2021Repository/City of Revere Service Data Project/website/src/bower_components
[04:35:03.282] DirectoryWatcher:: Added:: WatchInfo: /Users/xavierruiz/Projects/CS506Spring2021Repository/City of Revere Service Data Project/website/src/bower_components 1 undefined Project: /dev/null/inferredProject1* watcher already invoked: false
[04:35:03.283] Elapsed:: 1.027527004480362ms DirectoryWatcher:: Added:: WatchInfo: /Users/xavierruiz/Projects/CS506Spring2021Repository/City of Revere Service Data Project/website/src/bower_components 1 undefined Project: /dev/null/inferredProject1* watcher already invoked: false
[04:35:03.283] DirectoryWatcher:: Added:: WatchInfo: /Users/xavierruiz/Projects/CS506Spring2021Repository/City of Revere Service Data Project/website/src/node_modules
[04:35:03.283] DirectoryWatcher:: Added:: WatchInfo: /Users/xavierruiz/Projects/CS506Spring2021Repository/City of Revere Service Data Project/website/src/node_modules 1 undefined Project: /dev/null/inferredProject1* watcher already invoked: false
[04:35:03.283] Elapsed:: 0.12272000312805176ms DirectoryWatcher:: Added:: WatchInfo: /Users/xavierruiz/Projects/CS506Spring2021Repository/City of Revere Service Data Project/website/src/node_modules 1 undefined Project: /dev/null/inferredProject1* watcher already invoked: false
[04:35:03.284] Sending response:
    {"projectName":"/dev/null/inferredProject1*","typeAcquisition":{"enable":true,"include":[],"exclude":[]},"compilerOptions":{"module":1,"target":3,"jsx":1,"allowJs":true,"allowSyntheticDefaultImports":true,"allowNonTsExtensions":true,"noEmitForJsFiles":true,"maxNodeModuleJsDepth":2},"typings":[],"unresolvedImports":[],"kind":"action::set"}
[04:35:03.284] Response has been sent.
[04:35:03.284] No new typings were requested as a result of typings discovery
